Using pre-set license
Built from '2020.3/release' branch; Version is '2020.3.1f1 (77a89f25062f) revision 7841951'; Using compiler version '192528614'; Build Type 'Release'
OS: 'Windows 10 Home; OS build 19043.1288; Version 2009; 64bit' Language: 'en' Physical Memory: 12238 MB
BatchMode: 1, IsHumanControllingUs: 0, StartBugReporterOnCrash: 0, Is64bit: 1, IsPro: 0

 COMMAND LINE ARGUMENTS:
C:\Program Files\2020.3.1f1\Editor\Unity.exe
-adb2
-batchMode
-noUpm
-name
AssetImportWorker6
-projectPath
C:/Users/aaja/Documents/unity games/biofeedback try/SocialIdentityThreatGame/Biofeedback Prototype
-logFile
Logs/AssetImportWorker6.log
-srvPort
51735
Successfully changed project path to: C:/Users/aaja/Documents/unity games/biofeedback try/SocialIdentityThreatGame/Biofeedback Prototype
C:/Users/aaja/Documents/unity games/biofeedback try/SocialIdentityThreatGame/Biofeedback Prototype
Using Asset Import Pipeline V2.
Refreshing native plugins compatible for Editor in 43.68 ms, found 0 plugins.
Preloading 0 native plugins for Editor in 0.00 ms.
Initialize engine version: 2020.3.1f1 (77a89f25062f)
[Subsystems] Discovering subsystems at path C:/Program Files/2020.3.1f1/Editor/Data/Resources/UnitySubsystems
[Subsystems] Discovering subsystems at path C:/Users/aaja/Documents/unity games/biofeedback try/SocialIdentityThreatGame/Biofeedback Prototype/Assets
GfxDevice: creating device client; threaded=0
Direct3D:
    Version:  Direct3D 11.0 [level 11.1]
    Renderer: NVIDIA GeForce GTX 1050 (ID=0x1c81)
    Vendor:   
    VRAM:     1977 MB
    Driver:   27.21.14.5167
Initialize mono
Mono path[0] = 'C:/Program Files/2020.3.1f1/Editor/Data/Managed'
Mono path[1] = 'C:/Program Files/2020.3.1f1/Editor/Data/MonoBleedingEdge/lib/mono/unityjit'
Mono config path = 'C:/Program Files/2020.3.1f1/Editor/Data/MonoBleedingEdge/etc'
Using monoOptions --debugger-agent=transport=dt_socket,embedding=1,server=y,suspend=n,address=127.0.0.1:56516
Begin MonoManager ReloadAssembly
Registering precompiled unity dll's ...
Register platform support module: C:/Program Files/2020.3.1f1/Editor/Data/PlaybackEngines/WindowsStandaloneSupport/UnityEditor.WindowsStandalone.Extensions.dll
Registered in 0.002668 seconds.
Native extension for WindowsStandalone target not found
Refreshing native plugins compatible for Editor in 40.81 ms, found 0 plugins.
Preloading 0 native plugins for Editor in 0.00 ms.
Invoked RoslynAnalysisRunner static constructor.
RoslynAnalysisRunner will not be running.
RoslynAnalysisRunner has terminated.
Mono: successfully reloaded assembly
- Completed reload, in  1.378 seconds
Platform modules already initialized, skipping
Registering precompiled user dll's ...
Registered in 0.001844 seconds.
Begin MonoManager ReloadAssembly
Native extension for WindowsStandalone target not found
Refreshing native plugins compatible for Editor in 0.32 ms, found 0 plugins.
Preloading 0 native plugins for Editor in 0.00 ms.
Invoked RoslynAnalysisRunner static constructor.
RoslynAnalysisRunner will not be running.
RoslynAnalysisRunner has terminated.
Mono: successfully reloaded assembly
- Completed reload, in  2.279 seconds
Platform modules already initialized, skipping
========================================================================
Worker process is ready to serve import requests
Launched and connected shader compiler UnityShaderCompiler.exe after 0.31 seconds
Refreshing native plugins compatible for Editor in 0.73 ms, found 0 plugins.
Preloading 0 native plugins for Editor in 0.01 ms.
Unloading 1652 Unused Serialized files (Serialized files now loaded: 0)
System memory in use before: 80.4 MB.
System memory in use after: 80.3 MB.

Unloading 71 unused Assets to reduce memory usage. Loaded Objects now: 2089.
Total: 35.637900 ms (FindLiveObjects: 0.354100 ms CreateObjectMapping: 0.153600 ms MarkObjects: 34.548500 ms  DeleteObjects: 0.577600 ms)

========================================================================
Received Import Request.
  path: Assets/Scripts/DummyUI.cs
  artifactKey: Guid(b7b8a8191857c4447817a10cbfa147ab) Importer(815301076,1909f56bfc062723c751e8b465ee728b)
Start importing Assets/Scripts/DummyUI.cs using Guid(b7b8a8191857c4447817a10cbfa147ab) Importer(815301076,1909f56bfc062723c751e8b465ee728b)  -> (artifact id: '9ea4c548249a167ed665d6ba7f11b894') in 0.553000 seconds
  Import took 0.599722 seconds .

========================================================================
Received Prepare
Registering precompiled user dll's ...
Registered in 0.002011 seconds.
Begin MonoManager ReloadAssembly
Native extension for WindowsStandalone target not found
Refreshing native plugins compatible for Editor in 0.31 ms, found 0 plugins.
Preloading 0 native plugins for Editor in 0.00 ms.
Warning: Annotation not found!
UnityEngine.StackTraceUtility:ExtractStackTrace ()
UnityEditor.ProBuilder.EditorUtility:SetGizmoIconEnabled (System.Type,bool) (at Library/PackageCache/com.unity.probuilder@4.5.0/Editor/EditorCore/EditorUtility.cs:593)
UnityEditor.ProBuilder.HierarchyListener:.cctor () (at Library/PackageCache/com.unity.probuilder@4.5.0/Editor/EditorCore/HierarchyListener.cs:21)
System.Runtime.CompilerServices.RuntimeHelpers:RunClassConstructor (System.RuntimeTypeHandle)
UnityEditor.EditorAssemblies:ProcessInitializeOnLoadAttributes (System.Type[])

[Library/PackageCache/com.unity.probuilder@4.5.0/Editor/EditorCore/EditorUtility.cs line 593]

Invoked RoslynAnalysisRunner static constructor.
RoslynAnalysisRunner will not be running.
RoslynAnalysisRunner has terminated.
Mono: successfully reloaded assembly
- Completed reload, in  1.161 seconds
Platform modules already initialized, skipping
Refreshing native plugins compatible for Editor in 0.32 ms, found 0 plugins.
Preloading 0 native plugins for Editor in 0.00 ms.
Unloading 1607 Unused Serialized files (Serialized files now loaded: 0)
System memory in use before: 77.5 MB.
System memory in use after: 77.5 MB.

Unloading 8 unused Assets to reduce memory usage. Loaded Objects now: 2092.
Total: 2.338200 ms (FindLiveObjects: 0.152500 ms CreateObjectMapping: 0.048400 ms MarkObjects: 1.990300 ms  DeleteObjects: 0.146000 ms)

========================================================================
Received Prepare
Registering precompiled user dll's ...
Registered in 0.001684 seconds.
Begin MonoManager ReloadAssembly
Native extension for WindowsStandalone target not found
Refreshing native plugins compatible for Editor in 0.31 ms, found 0 plugins.
Preloading 0 native plugins for Editor in 0.00 ms.
Warning: Annotation not found!
UnityEngine.StackTraceUtility:ExtractStackTrace ()
UnityEditor.ProBuilder.EditorUtility:SetGizmoIconEnabled (System.Type,bool) (at Library/PackageCache/com.unity.probuilder@4.5.0/Editor/EditorCore/EditorUtility.cs:593)
UnityEditor.ProBuilder.HierarchyListener:.cctor () (at Library/PackageCache/com.unity.probuilder@4.5.0/Editor/EditorCore/HierarchyListener.cs:21)
System.Runtime.CompilerServices.RuntimeHelpers:RunClassConstructor (System.RuntimeTypeHandle)
UnityEditor.EditorAssemblies:ProcessInitializeOnLoadAttributes (System.Type[])

[Library/PackageCache/com.unity.probuilder@4.5.0/Editor/EditorCore/EditorUtility.cs line 593]

Invoked RoslynAnalysisRunner static constructor.
RoslynAnalysisRunner will not be running.
RoslynAnalysisRunner has terminated.
Mono: successfully reloaded assembly
- Completed reload, in  0.962 seconds
Platform modules already initialized, skipping
Refreshing native plugins compatible for Editor in 0.33 ms, found 0 plugins.
Preloading 0 native plugins for Editor in 0.00 ms.
Unloading 1607 Unused Serialized files (Serialized files now loaded: 0)
System memory in use before: 77.5 MB.
System memory in use after: 77.5 MB.

Unloading 8 unused Assets to reduce memory usage. Loaded Objects now: 2095.
Total: 2.822100 ms (FindLiveObjects: 0.190700 ms CreateObjectMapping: 0.072200 ms MarkObjects: 2.445700 ms  DeleteObjects: 0.112000 ms)

========================================================================
Received Prepare
Registering precompiled user dll's ...
Registered in 0.041275 seconds.
Begin MonoManager ReloadAssembly
Native extension for WindowsStandalone target not found
Refreshing native plugins compatible for Editor in 0.31 ms, found 0 plugins.
Preloading 0 native plugins for Editor in 0.00 ms.
Warning: Annotation not found!
UnityEngine.StackTraceUtility:ExtractStackTrace ()
UnityEditor.ProBuilder.EditorUtility:SetGizmoIconEnabled (System.Type,bool) (at Library/PackageCache/com.unity.probuilder@4.5.0/Editor/EditorCore/EditorUtility.cs:593)
UnityEditor.ProBuilder.HierarchyListener:.cctor () (at Library/PackageCache/com.unity.probuilder@4.5.0/Editor/EditorCore/HierarchyListener.cs:21)
System.Runtime.CompilerServices.RuntimeHelpers:RunClassConstructor (System.RuntimeTypeHandle)
UnityEditor.EditorAssemblies:ProcessInitializeOnLoadAttributes (System.Type[])

[Library/PackageCache/com.unity.probuilder@4.5.0/Editor/EditorCore/EditorUtility.cs line 593]

Invoked RoslynAnalysisRunner static constructor.
RoslynAnalysisRunner will not be running.
RoslynAnalysisRunner has terminated.
Mono: successfully reloaded assembly
- Completed reload, in  1.708 seconds
Platform modules already initialized, skipping
Refreshing native plugins compatible for Editor in 0.46 ms, found 0 plugins.
Preloading 0 native plugins for Editor in 0.00 ms.
Unloading 1607 Unused Serialized files (Serialized files now loaded: 0)
System memory in use before: 77.5 MB.
System memory in use after: 77.5 MB.

Unloading 8 unused Assets to reduce memory usage. Loaded Objects now: 2098.
Total: 3.466200 ms (FindLiveObjects: 0.263100 ms CreateObjectMapping: 0.111600 ms MarkObjects: 2.904100 ms  DeleteObjects: 0.185700 ms)

========================================================================
Received Import Request.
  Time since last request: 567.566915 seconds.
  path: Assets/Prefabs/Button.prefab
  artifactKey: Guid(37c108a6c38964f79a6621eccb33ddc1) Importer(815301076,1909f56bfc062723c751e8b465ee728b)
Start importing Assets/Prefabs/Button.prefab using Guid(37c108a6c38964f79a6621eccb33ddc1) Importer(815301076,1909f56bfc062723c751e8b465ee728b)  -> (artifact id: 'd1d98c4b8ae1ff2e513be492c294ad2a') in 0.086680 seconds
  Import took 0.090242 seconds .

========================================================================
Received Prepare
Registering precompiled user dll's ...
Registered in 0.001828 seconds.
Begin MonoManager ReloadAssembly
Native extension for WindowsStandalone target not found
Refreshing native plugins compatible for Editor in 0.31 ms, found 0 plugins.
Preloading 0 native plugins for Editor in 0.00 ms.
Warning: Annotation not found!
UnityEngine.StackTraceUtility:ExtractStackTrace ()
UnityEditor.ProBuilder.EditorUtility:SetGizmoIconEnabled (System.Type,bool) (at Library/PackageCache/com.unity.probuilder@4.5.0/Editor/EditorCore/EditorUtility.cs:593)
UnityEditor.ProBuilder.HierarchyListener:.cctor () (at Library/PackageCache/com.unity.probuilder@4.5.0/Editor/EditorCore/HierarchyListener.cs:21)
System.Runtime.CompilerServices.RuntimeHelpers:RunClassConstructor (System.RuntimeTypeHandle)
UnityEditor.EditorAssemblies:ProcessInitializeOnLoadAttributes (System.Type[])

[Library/PackageCache/com.unity.probuilder@4.5.0/Editor/EditorCore/EditorUtility.cs line 593]

Invoked RoslynAnalysisRunner static constructor.
RoslynAnalysisRunner will not be running.
RoslynAnalysisRunner has terminated.
Mono: successfully reloaded assembly
- Completed reload, in  0.922 seconds
Platform modules already initialized, skipping
Refreshing native plugins compatible for Editor in 0.34 ms, found 0 plugins.
Preloading 0 native plugins for Editor in 0.00 ms.
Unloading 1607 Unused Serialized files (Serialized files now loaded: 0)
System memory in use before: 77.3 MB.
System memory in use after: 77.3 MB.

Unloading 9 unused Assets to reduce memory usage. Loaded Objects now: 2103.
Total: 2.180200 ms (FindLiveObjects: 0.208100 ms CreateObjectMapping: 0.071300 ms MarkObjects: 1.759300 ms  DeleteObjects: 0.140000 ms)

========================================================================
Received Import Request.
  Time since last request: 21.390738 seconds.
  path: Assets/Prefabs/Button.prefab
  artifactKey: Guid(37c108a6c38964f79a6621eccb33ddc1) Importer(815301076,1909f56bfc062723c751e8b465ee728b)
Start importing Assets/Prefabs/Button.prefab using Guid(37c108a6c38964f79a6621eccb33ddc1) Importer(815301076,1909f56bfc062723c751e8b465ee728b)  -> (artifact id: '19b58b92eff6a4fcdeb92669dc1ac35e') in 0.036793 seconds
  Import took 0.039542 seconds .

========================================================================
Received Prepare
Registering precompiled user dll's ...
Registered in 0.001901 seconds.
Begin MonoManager ReloadAssembly
Native extension for WindowsStandalone target not found
Refreshing native plugins compatible for Editor in 0.32 ms, found 0 plugins.
Preloading 0 native plugins for Editor in 0.00 ms.
Warning: Annotation not found!
UnityEngine.StackTraceUtility:ExtractStackTrace ()
UnityEditor.ProBuilder.EditorUtility:SetGizmoIconEnabled (System.Type,bool) (at Library/PackageCache/com.unity.probuilder@4.5.0/Editor/EditorCore/EditorUtility.cs:593)
UnityEditor.ProBuilder.HierarchyListener:.cctor () (at Library/PackageCache/com.unity.probuilder@4.5.0/Editor/EditorCore/HierarchyListener.cs:21)
System.Runtime.CompilerServices.RuntimeHelpers:RunClassConstructor (System.RuntimeTypeHandle)
UnityEditor.EditorAssemblies:ProcessInitializeOnLoadAttributes (System.Type[])

[Library/PackageCache/com.unity.probuilder@4.5.0/Editor/EditorCore/EditorUtility.cs line 593]

Invoked RoslynAnalysisRunner static constructor.
RoslynAnalysisRunner will not be running.
RoslynAnalysisRunner has terminated.
Mono: successfully reloaded assembly
- Completed reload, in  0.898 seconds
Platform modules already initialized, skipping
Refreshing native plugins compatible for Editor in 0.35 ms, found 0 plugins.
Preloading 0 native plugins for Editor in 0.00 ms.
Unloading 1607 Unused Serialized files (Serialized files now loaded: 0)
System memory in use before: 77.3 MB.
System memory in use after: 77.3 MB.

Unloading 9 unused Assets to reduce memory usage. Loaded Objects now: 2106.
Total: 2.191100 ms (FindLiveObjects: 0.246100 ms CreateObjectMapping: 0.068700 ms MarkObjects: 1.734800 ms  DeleteObjects: 0.140000 ms)

========================================================================
Received Import Request.
  Time since last request: 57.370930 seconds.
  path: Assets/Prefabs/Button.prefab
  artifactKey: Guid(37c108a6c38964f79a6621eccb33ddc1) Importer(815301076,1909f56bfc062723c751e8b465ee728b)
Start importing Assets/Prefabs/Button.prefab using Guid(37c108a6c38964f79a6621eccb33ddc1) Importer(815301076,1909f56bfc062723c751e8b465ee728b)  -> (artifact id: '4431355a9a98ad1741edb41a7cac1df4') in 0.036099 seconds
  Import took 0.038825 seconds .

========================================================================
Received Import Request.
  Time since last request: 5.595568 seconds.
  path: Assets/Prefabs/Button.prefab
  artifactKey: Guid(37c108a6c38964f79a6621eccb33ddc1) Importer(815301076,1909f56bfc062723c751e8b465ee728b)
Start importing Assets/Prefabs/Button.prefab using Guid(37c108a6c38964f79a6621eccb33ddc1) Importer(815301076,1909f56bfc062723c751e8b465ee728b)  -> (artifact id: 'fd92a2f4f0d4ecf32786b659ed448d78') in 0.005090 seconds
  Import took 0.008622 seconds .

========================================================================
Received Import Request.
  Time since last request: 0.171085 seconds.
  path: Assets/Prefabs/Button.prefab
  artifactKey: Guid(37c108a6c38964f79a6621eccb33ddc1) Importer(815301076,1909f56bfc062723c751e8b465ee728b)
Start importing Assets/Prefabs/Button.prefab using Guid(37c108a6c38964f79a6621eccb33ddc1) Importer(815301076,1909f56bfc062723c751e8b465ee728b)  -> (artifact id: 'c3cbb8a987e429d69bb459d15ac90d7e') in 0.004340 seconds
  Import took 0.007747 seconds .

========================================================================
Received Import Request.
  Time since last request: 0.436010 seconds.
  path: Assets/Prefabs/Button.prefab
  artifactKey: Guid(37c108a6c38964f79a6621eccb33ddc1) Importer(815301076,1909f56bfc062723c751e8b465ee728b)
Start importing Assets/Prefabs/Button.prefab using Guid(37c108a6c38964f79a6621eccb33ddc1) Importer(815301076,1909f56bfc062723c751e8b465ee728b)  -> (artifact id: '1d3967fe259e8601b15c57334ea855ea') in 0.005057 seconds
  Import took 0.008708 seconds .

========================================================================
Received Prepare
Registering precompiled user dll's ...
Registered in 0.001796 seconds.
Begin MonoManager ReloadAssembly
Native extension for WindowsStandalone target not found
Refreshing native plugins compatible for Editor in 0.31 ms, found 0 plugins.
Preloading 0 native plugins for Editor in 0.00 ms.
Warning: Annotation not found!
UnityEngine.StackTraceUtility:ExtractStackTrace ()
UnityEditor.ProBuilder.EditorUtility:SetGizmoIconEnabled (System.Type,bool) (at Library/PackageCache/com.unity.probuilder@4.5.0/Editor/EditorCore/EditorUtility.cs:593)
UnityEditor.ProBuilder.HierarchyListener:.cctor () (at Library/PackageCache/com.unity.probuilder@4.5.0/Editor/EditorCore/HierarchyListener.cs:21)
System.Runtime.CompilerServices.RuntimeHelpers:RunClassConstructor (System.RuntimeTypeHandle)
UnityEditor.EditorAssemblies:ProcessInitializeOnLoadAttributes (System.Type[])

[Library/PackageCache/com.unity.probuilder@4.5.0/Editor/EditorCore/EditorUtility.cs line 593]

Invoked RoslynAnalysisRunner static constructor.
RoslynAnalysisRunner will not be running.
RoslynAnalysisRunner has terminated.
Mono: successfully reloaded assembly
- Completed reload, in  0.944 seconds
Platform modules already initialized, skipping
Refreshing native plugins compatible for Editor in 0.32 ms, found 0 plugins.
Preloading 0 native plugins for Editor in 0.00 ms.
Unloading 1607 Unused Serialized files (Serialized files now loaded: 0)
System memory in use before: 77.3 MB.
System memory in use after: 77.3 MB.

Unloading 9 unused Assets to reduce memory usage. Loaded Objects now: 2109.
Total: 2.503800 ms (FindLiveObjects: 0.298100 ms CreateObjectMapping: 0.128500 ms MarkObjects: 1.900000 ms  DeleteObjects: 0.175800 ms)

========================================================================
Received Import Request.
  Time since last request: 54.714045 seconds.
  path: Assets/Prefabs/Button.prefab
  artifactKey: Guid(37c108a6c38964f79a6621eccb33ddc1) Importer(815301076,1909f56bfc062723c751e8b465ee728b)
Start importing Assets/Prefabs/Button.prefab using Guid(37c108a6c38964f79a6621eccb33ddc1) Importer(815301076,1909f56bfc062723c751e8b465ee728b)  -> (artifact id: '94d2e901f674c5f63656bfb4cb68c878') in 0.042104 seconds
  Import took 0.045421 seconds .

========================================================================
Received Prepare
Registering precompiled user dll's ...
Registered in 0.001852 seconds.
Begin MonoManager ReloadAssembly
Native extension for WindowsStandalone target not found
Refreshing native plugins compatible for Editor in 0.32 ms, found 0 plugins.
Preloading 0 native plugins for Editor in 0.00 ms.
Warning: Annotation not found!
UnityEngine.StackTraceUtility:ExtractStackTrace ()
UnityEditor.ProBuilder.EditorUtility:SetGizmoIconEnabled (System.Type,bool) (at Library/PackageCache/com.unity.probuilder@4.5.0/Editor/EditorCore/EditorUtility.cs:593)
UnityEditor.ProBuilder.HierarchyListener:.cctor () (at Library/PackageCache/com.unity.probuilder@4.5.0/Editor/EditorCore/HierarchyListener.cs:21)
System.Runtime.CompilerServices.RuntimeHelpers:RunClassConstructor (System.RuntimeTypeHandle)
UnityEditor.EditorAssemblies:ProcessInitializeOnLoadAttributes (System.Type[])

[Library/PackageCache/com.unity.probuilder@4.5.0/Editor/EditorCore/EditorUtility.cs line 593]

Invoked RoslynAnalysisRunner static constructor.
RoslynAnalysisRunner will not be running.
RoslynAnalysisRunner has terminated.
Mono: successfully reloaded assembly
- Completed reload, in  0.926 seconds
Platform modules already initialized, skipping
Refreshing native plugins compatible for Editor in 0.33 ms, found 0 plugins.
Preloading 0 native plugins for Editor in 0.00 ms.
Unloading 1607 Unused Serialized files (Serialized files now loaded: 0)
System memory in use before: 77.3 MB.
System memory in use after: 77.3 MB.

Unloading 9 unused Assets to reduce memory usage. Loaded Objects now: 2112.
Total: 2.207800 ms (FindLiveObjects: 0.188800 ms CreateObjectMapping: 0.067300 ms MarkObjects: 1.819000 ms  DeleteObjects: 0.131200 ms)

========================================================================
Received Import Request.
  Time since last request: 156.764593 seconds.
  path: Assets/Prefabs/Button.prefab
  artifactKey: Guid(37c108a6c38964f79a6621eccb33ddc1) Importer(815301076,1909f56bfc062723c751e8b465ee728b)
Start importing Assets/Prefabs/Button.prefab using Guid(37c108a6c38964f79a6621eccb33ddc1) Importer(815301076,1909f56bfc062723c751e8b465ee728b)  -> (artifact id: '15006ea41549a86870d5b8ba19253bb4') in 0.046092 seconds
  Import took 0.049328 seconds .

========================================================================
Received Import Request.
  Time since last request: 2.465432 seconds.
  path: Assets/Prefabs/Button.prefab
  artifactKey: Guid(37c108a6c38964f79a6621eccb33ddc1) Importer(815301076,1909f56bfc062723c751e8b465ee728b)
Start importing Assets/Prefabs/Button.prefab using Guid(37c108a6c38964f79a6621eccb33ddc1) Importer(815301076,1909f56bfc062723c751e8b465ee728b)  -> (artifact id: '119343e87f9889073015526cb7c50006') in 0.006099 seconds
  Import took 0.010620 seconds .

========================================================================
Received Import Request.
  Time since last request: 3.598901 seconds.
  path: Assets/Prefabs/Button.prefab
  artifactKey: Guid(37c108a6c38964f79a6621eccb33ddc1) Importer(815301076,1909f56bfc062723c751e8b465ee728b)
Start importing Assets/Prefabs/Button.prefab using Guid(37c108a6c38964f79a6621eccb33ddc1) Importer(815301076,1909f56bfc062723c751e8b465ee728b)  -> (artifact id: 'bd217fa3f948c5ef087c0523c966b00e') in 0.005680 seconds
  Import took 0.010040 seconds .

========================================================================
Received Import Request.
  Time since last request: 23.925807 seconds.
  path: Assets/Prefabs/Button.prefab
  artifactKey: Guid(37c108a6c38964f79a6621eccb33ddc1) Importer(815301076,1909f56bfc062723c751e8b465ee728b)
Start importing Assets/Prefabs/Button.prefab using Guid(37c108a6c38964f79a6621eccb33ddc1) Importer(815301076,1909f56bfc062723c751e8b465ee728b)  -> (artifact id: '16b9f5051bb5a16ed02d08cfdfbcccaf') in 0.004922 seconds
  Import took 0.009420 seconds .

========================================================================
Received Import Request.
  Time since last request: 0.421831 seconds.
  path: Assets/Prefabs/Button.prefab
  artifactKey: Guid(37c108a6c38964f79a6621eccb33ddc1) Importer(815301076,1909f56bfc062723c751e8b465ee728b)
Start importing Assets/Prefabs/Button.prefab using Guid(37c108a6c38964f79a6621eccb33ddc1) Importer(815301076,1909f56bfc062723c751e8b465ee728b)  -> (artifact id: 'ece74aa430b2e482c7f33f4621a7c99d') in 0.004529 seconds
  Import took 0.008415 seconds .

========================================================================
Received Import Request.
  Time since last request: 62.237571 seconds.
  path: Assets/Prefabs/Button.prefab
  artifactKey: Guid(37c108a6c38964f79a6621eccb33ddc1) Importer(815301076,1909f56bfc062723c751e8b465ee728b)
Start importing Assets/Prefabs/Button.prefab using Guid(37c108a6c38964f79a6621eccb33ddc1) Importer(815301076,1909f56bfc062723c751e8b465ee728b)  -> (artifact id: '84be14696c7fc9bd88361327e68397ea') in 0.004590 seconds
  Import took 0.008592 seconds .

========================================================================
Received Import Request.
  Time since last request: 3.870631 seconds.
  path: Assets/Prefabs/Button.prefab
  artifactKey: Guid(37c108a6c38964f79a6621eccb33ddc1) Importer(815301076,1909f56bfc062723c751e8b465ee728b)
Start importing Assets/Prefabs/Button.prefab using Guid(37c108a6c38964f79a6621eccb33ddc1) Importer(815301076,1909f56bfc062723c751e8b465ee728b)  -> (artifact id: 'ec2ded05c46efe3abdc6836fe625bb08') in 0.007239 seconds
  Import took 0.014042 seconds .

========================================================================
Received Import Request.
  Time since last request: 10.850785 seconds.
  path: Assets/Prefabs/Button.prefab
  artifactKey: Guid(37c108a6c38964f79a6621eccb33ddc1) Importer(815301076,1909f56bfc062723c751e8b465ee728b)
Start importing Assets/Prefabs/Button.prefab using Guid(37c108a6c38964f79a6621eccb33ddc1) Importer(815301076,1909f56bfc062723c751e8b465ee728b)  -> (artifact id: 'b2a425b39d524728de908c5c5acea9cd') in 0.008616 seconds
  Import took 0.012488 seconds .

========================================================================
Received Import Request.
  Time since last request: 1.408470 seconds.
  path: Assets/Prefabs/Button.prefab
  artifactKey: Guid(37c108a6c38964f79a6621eccb33ddc1) Importer(815301076,1909f56bfc062723c751e8b465ee728b)
Start importing Assets/Prefabs/Button.prefab using Guid(37c108a6c38964f79a6621eccb33ddc1) Importer(815301076,1909f56bfc062723c751e8b465ee728b)  -> (artifact id: '2673e2ebf0080f9fa4361b4d9d44b703') in 0.005275 seconds
  Import took 0.009648 seconds .

========================================================================
Received Import Request.
  Time since last request: 6.731691 seconds.
  path: Assets/Prefabs/Button Holder.prefab
  artifactKey: Guid(37c108a6c38964f79a6621eccb33ddc1) Importer(815301076,1909f56bfc062723c751e8b465ee728b)
Start importing Assets/Prefabs/Button Holder.prefab using Guid(37c108a6c38964f79a6621eccb33ddc1) Importer(815301076,1909f56bfc062723c751e8b465ee728b)  -> (artifact id: 'db6cb677993d4e35bc36d786bbc8664b') in 0.007250 seconds
  Import took 0.012116 seconds .

========================================================================
Received Import Request.
  Time since last request: 3.965293 seconds.
  path: Assets/Prefabs/Button Holder.prefab
  artifactKey: Guid(37c108a6c38964f79a6621eccb33ddc1) Importer(815301076,1909f56bfc062723c751e8b465ee728b)
Start importing Assets/Prefabs/Button Holder.prefab using Guid(37c108a6c38964f79a6621eccb33ddc1) Importer(815301076,1909f56bfc062723c751e8b465ee728b)  -> (artifact id: '13d143a329522a2d2ff380eaa4e2ba9a') in 0.004838 seconds
  Import took 0.008167 seconds .

========================================================================
Received Import Request.
  Time since last request: 1.603494 seconds.
  path: Assets/Prefabs/Button Holder.prefab
  artifactKey: Guid(37c108a6c38964f79a6621eccb33ddc1) Importer(815301076,1909f56bfc062723c751e8b465ee728b)
Start importing Assets/Prefabs/Button Holder.prefab using Guid(37c108a6c38964f79a6621eccb33ddc1) Importer(815301076,1909f56bfc062723c751e8b465ee728b)  -> (artifact id: '3613507690c79c28c97fe76a08674cb0') in 0.005242 seconds
  Import took 0.009518 seconds .

========================================================================
Received Import Request.
  Time since last request: 2.562297 seconds.
  path: Assets/Prefabs/Button Holder.prefab
  artifactKey: Guid(37c108a6c38964f79a6621eccb33ddc1) Importer(815301076,1909f56bfc062723c751e8b465ee728b)
Start importing Assets/Prefabs/Button Holder.prefab using Guid(37c108a6c38964f79a6621eccb33ddc1) Importer(815301076,1909f56bfc062723c751e8b465ee728b)  -> (artifact id: 'c2c886689b7c78d9bc170f25304bc31d') in 0.006281 seconds
  Import took 0.009232 seconds .

========================================================================
Received Import Request.
  Time since last request: 1.779363 seconds.
  path: Assets/Prefabs/Button Holder.prefab
  artifactKey: Guid(37c108a6c38964f79a6621eccb33ddc1) Importer(815301076,1909f56bfc062723c751e8b465ee728b)
Start importing Assets/Prefabs/Button Holder.prefab using Guid(37c108a6c38964f79a6621eccb33ddc1) Importer(815301076,1909f56bfc062723c751e8b465ee728b)  -> (artifact id: '951f4fc28883b812db8dc7b343a2a63a') in 0.005293 seconds
  Import took 0.008431 seconds .

========================================================================
Received Import Request.
  Time since last request: 20.425442 seconds.
  path: Assets/Prefabs/Button Holder.prefab
  artifactKey: Guid(37c108a6c38964f79a6621eccb33ddc1) Importer(815301076,1909f56bfc062723c751e8b465ee728b)
Start importing Assets/Prefabs/Button Holder.prefab using Guid(37c108a6c38964f79a6621eccb33ddc1) Importer(815301076,1909f56bfc062723c751e8b465ee728b)  -> (artifact id: 'eabbc3bd404975a7ad15ac1ec47ab9b7') in 0.005552 seconds
  Import took 0.009084 seconds .

========================================================================
Received Import Request.
  Time since last request: 37.189217 seconds.
  path: Assets/Prefabs/Button Holder.prefab
  artifactKey: Guid(37c108a6c38964f79a6621eccb33ddc1) Importer(815301076,1909f56bfc062723c751e8b465ee728b)
Start importing Assets/Prefabs/Button Holder.prefab using Guid(37c108a6c38964f79a6621eccb33ddc1) Importer(815301076,1909f56bfc062723c751e8b465ee728b)  -> (artifact id: 'f7dafd06b7bd68c318bc71d958eeed86') in 0.007641 seconds
  Import took 0.012303 seconds .

========================================================================
Received Import Request.
  Time since last request: 6.796644 seconds.
  path: Assets/Prefabs/Button Holder.prefab
  artifactKey: Guid(37c108a6c38964f79a6621eccb33ddc1) Importer(815301076,1909f56bfc062723c751e8b465ee728b)
Start importing Assets/Prefabs/Button Holder.prefab using Guid(37c108a6c38964f79a6621eccb33ddc1) Importer(815301076,1909f56bfc062723c751e8b465ee728b)  -> (artifact id: 'b8958f466feb15328eefb2f050187a42') in 0.005679 seconds
  Import took 0.009113 seconds .

========================================================================
Received Import Request.
  Time since last request: 0.905405 seconds.
  path: Assets/Prefabs/Button Holder.prefab
  artifactKey: Guid(37c108a6c38964f79a6621eccb33ddc1) Importer(815301076,1909f56bfc062723c751e8b465ee728b)
Start importing Assets/Prefabs/Button Holder.prefab using Guid(37c108a6c38964f79a6621eccb33ddc1) Importer(815301076,1909f56bfc062723c751e8b465ee728b)  -> (artifact id: '1f476eac895dba4a4618d9e9b4a161fd') in 0.009146 seconds
  Import took 0.014495 seconds .

========================================================================
Received Import Request.
  Time since last request: 11.288150 seconds.
  path: Assets/Prefabs/Button Holder.prefab
  artifactKey: Guid(37c108a6c38964f79a6621eccb33ddc1) Importer(815301076,1909f56bfc062723c751e8b465ee728b)
Start importing Assets/Prefabs/Button Holder.prefab using Guid(37c108a6c38964f79a6621eccb33ddc1) Importer(815301076,1909f56bfc062723c751e8b465ee728b)  -> (artifact id: '385f019fafe8b250792d09d4a87b52cc') in 0.005033 seconds
  Import took 0.009097 seconds .

========================================================================
Received Import Request.
  Time since last request: 7.796105 seconds.
  path: Assets/Prefabs/Button Holder.prefab
  artifactKey: Guid(37c108a6c38964f79a6621eccb33ddc1) Importer(815301076,1909f56bfc062723c751e8b465ee728b)
Start importing Assets/Prefabs/Button Holder.prefab using Guid(37c108a6c38964f79a6621eccb33ddc1) Importer(815301076,1909f56bfc062723c751e8b465ee728b)  -> (artifact id: '25e89cb8e059b14126dbd192e3b63d1b') in 0.005754 seconds
  Import took 0.010634 seconds .

========================================================================
Received Import Request.
  Time since last request: 3.832394 seconds.
  path: Assets/Prefabs/Button Holder.prefab
  artifactKey: Guid(37c108a6c38964f79a6621eccb33ddc1) Importer(815301076,1909f56bfc062723c751e8b465ee728b)
Start importing Assets/Prefabs/Button Holder.prefab using Guid(37c108a6c38964f79a6621eccb33ddc1) Importer(815301076,1909f56bfc062723c751e8b465ee728b)  -> (artifact id: 'a35f965eca405eff5c4ca4782ddb92e1') in 0.006105 seconds
  Import took 0.009616 seconds .

========================================================================
Received Import Request.
  Time since last request: 25.528351 seconds.
  path: Assets/Prefabs/Button Holder.prefab
  artifactKey: Guid(37c108a6c38964f79a6621eccb33ddc1) Importer(815301076,1909f56bfc062723c751e8b465ee728b)
Start importing Assets/Prefabs/Button Holder.prefab using Guid(37c108a6c38964f79a6621eccb33ddc1) Importer(815301076,1909f56bfc062723c751e8b465ee728b)  -> (artifact id: '8ef193b5ef140f8dbf1ee4ee78985ee8') in 0.009681 seconds
  Import took 0.014871 seconds .

========================================================================
Received Import Request.
  Time since last request: 5.863095 seconds.
  path: Assets/Prefabs/Button Holder.prefab
  artifactKey: Guid(37c108a6c38964f79a6621eccb33ddc1) Importer(815301076,1909f56bfc062723c751e8b465ee728b)
Start importing Assets/Prefabs/Button Holder.prefab using Guid(37c108a6c38964f79a6621eccb33ddc1) Importer(815301076,1909f56bfc062723c751e8b465ee728b)  -> (artifact id: '53a54e33831d883f3bb82b1e9a56cad0') in 0.005000 seconds
  Import took 0.017455 seconds .

========================================================================
Received Import Request.
  Time since last request: 45.266946 seconds.
  path: Assets/Prefabs/Button Holder.prefab
  artifactKey: Guid(37c108a6c38964f79a6621eccb33ddc1) Importer(815301076,1909f56bfc062723c751e8b465ee728b)
Start importing Assets/Prefabs/Button Holder.prefab using Guid(37c108a6c38964f79a6621eccb33ddc1) Importer(815301076,1909f56bfc062723c751e8b465ee728b)  -> (artifact id: '3d82dcc5e48afe4d8410e3c6328c9531') in 0.004479 seconds
  Import took 0.008290 seconds .

========================================================================
Received Import Request.
  Time since last request: 3.581716 seconds.
  path: Assets/Prefabs/Button Holder.prefab
  artifactKey: Guid(37c108a6c38964f79a6621eccb33ddc1) Importer(815301076,1909f56bfc062723c751e8b465ee728b)
Start importing Assets/Prefabs/Button Holder.prefab using Guid(37c108a6c38964f79a6621eccb33ddc1) Importer(815301076,1909f56bfc062723c751e8b465ee728b)  -> (artifact id: 'f0a4a217a9b934551c445c3e641829a2') in 0.004659 seconds
  Import took 0.008121 seconds .

========================================================================
Received Import Request.
  Time since last request: 7.568628 seconds.
  path: Assets/Prefabs/Button Holder.prefab
  artifactKey: Guid(37c108a6c38964f79a6621eccb33ddc1) Importer(815301076,1909f56bfc062723c751e8b465ee728b)
Start importing Assets/Prefabs/Button Holder.prefab using Guid(37c108a6c38964f79a6621eccb33ddc1) Importer(815301076,1909f56bfc062723c751e8b465ee728b)  -> (artifact id: 'c6548af5465012031734ab038a243b47') in 0.005999 seconds
  Import took 0.009278 seconds .

========================================================================
Received Import Request.
  Time since last request: 7.205889 seconds.
  path: Assets/Prefabs/Button Holder.prefab
  artifactKey: Guid(37c108a6c38964f79a6621eccb33ddc1) Importer(815301076,1909f56bfc062723c751e8b465ee728b)
Start importing Assets/Prefabs/Button Holder.prefab using Guid(37c108a6c38964f79a6621eccb33ddc1) Importer(815301076,1909f56bfc062723c751e8b465ee728b)  -> (artifact id: '7ecd0fcab6468d8a55e046097dcb65a3') in 0.004897 seconds
  Import took 0.008616 seconds .

========================================================================
Received Import Request.
  Time since last request: 0.591793 seconds.
  path: Assets/Prefabs/Button Holder.prefab
  artifactKey: Guid(37c108a6c38964f79a6621eccb33ddc1) Importer(815301076,1909f56bfc062723c751e8b465ee728b)
Start importing Assets/Prefabs/Button Holder.prefab using Guid(37c108a6c38964f79a6621eccb33ddc1) Importer(815301076,1909f56bfc062723c751e8b465ee728b)  -> (artifact id: '187cc48ec844f6e2aac162a957067727') in 0.004659 seconds
  Import took 0.008483 seconds .

========================================================================
Received Import Request.
  Time since last request: 4.480238 seconds.
  path: Assets/Prefabs/Button Holder.prefab
  artifactKey: Guid(37c108a6c38964f79a6621eccb33ddc1) Importer(815301076,1909f56bfc062723c751e8b465ee728b)
Start importing Assets/Prefabs/Button Holder.prefab using Guid(37c108a6c38964f79a6621eccb33ddc1) Importer(815301076,1909f56bfc062723c751e8b465ee728b)  -> (artifact id: '02ed4949bee7b92339b8d6d5b1055342') in 0.005614 seconds
  Import took 0.009213 seconds .

========================================================================
Received Import Request.
  Time since last request: 3.812931 seconds.
  path: Assets/Prefabs/Button Holder.prefab
  artifactKey: Guid(37c108a6c38964f79a6621eccb33ddc1) Importer(815301076,1909f56bfc062723c751e8b465ee728b)
Start importing Assets/Prefabs/Button Holder.prefab using Guid(37c108a6c38964f79a6621eccb33ddc1) Importer(815301076,1909f56bfc062723c751e8b465ee728b)  -> (artifact id: '8d174be1a5991c7dee7247a52017f32b') in 0.005575 seconds
  Import took 0.009581 seconds .

========================================================================
Received Prepare
Registering precompiled user dll's ...
Registered in 0.001701 seconds.
Begin MonoManager ReloadAssembly
Native extension for WindowsStandalone target not found
Refreshing native plugins compatible for Editor in 0.31 ms, found 0 plugins.
Preloading 0 native plugins for Editor in 0.00 ms.
Warning: Annotation not found!
UnityEngine.StackTraceUtility:ExtractStackTrace ()
UnityEditor.ProBuilder.EditorUtility:SetGizmoIconEnabled (System.Type,bool) (at Library/PackageCache/com.unity.probuilder@4.5.0/Editor/EditorCore/EditorUtility.cs:593)
UnityEditor.ProBuilder.HierarchyListener:.cctor () (at Library/PackageCache/com.unity.probuilder@4.5.0/Editor/EditorCore/HierarchyListener.cs:21)
System.Runtime.CompilerServices.RuntimeHelpers:RunClassConstructor (System.RuntimeTypeHandle)
UnityEditor.EditorAssemblies:ProcessInitializeOnLoadAttributes (System.Type[])

[Library/PackageCache/com.unity.probuilder@4.5.0/Editor/EditorCore/EditorUtility.cs line 593]

Invoked RoslynAnalysisRunner static constructor.
RoslynAnalysisRunner will not be running.
RoslynAnalysisRunner has terminated.
Mono: successfully reloaded assembly
- Completed reload, in  0.941 seconds
Platform modules already initialized, skipping
Refreshing native plugins compatible for Editor in 0.34 ms, found 0 plugins.
Preloading 0 native plugins for Editor in 0.00 ms.
Unloading 1607 Unused Serialized files (Serialized files now loaded: 0)
System memory in use before: 77.3 MB.
System memory in use after: 77.3 MB.

Unloading 9 unused Assets to reduce memory usage. Loaded Objects now: 2115.
Total: 2.159000 ms (FindLiveObjects: 0.190100 ms CreateObjectMapping: 0.096100 ms MarkObjects: 1.756400 ms  DeleteObjects: 0.114500 ms)

========================================================================
Received Import Request.
  Time since last request: 144.052862 seconds.
  path: Assets/Prefabs/Button.prefab
  artifactKey: Guid(c0eec675dde1f3840a6517d8fb8844eb) Importer(815301076,1909f56bfc062723c751e8b465ee728b)
Start importing Assets/Prefabs/Button.prefab using Guid(c0eec675dde1f3840a6517d8fb8844eb) Importer(815301076,1909f56bfc062723c751e8b465ee728b)  -> (artifact id: 'cfce04a642c599ebbe97b4ad46aa1bc4') in 0.036124 seconds
  Import took 0.038825 seconds .

========================================================================
Received Prepare
Registering precompiled user dll's ...
Registered in 0.001707 seconds.
Begin MonoManager ReloadAssembly
Native extension for WindowsStandalone target not found
Refreshing native plugins compatible for Editor in 0.33 ms, found 0 plugins.
Preloading 0 native plugins for Editor in 0.00 ms.
Warning: Annotation not found!
UnityEngine.StackTraceUtility:ExtractStackTrace ()
UnityEditor.ProBuilder.EditorUtility:SetGizmoIconEnabled (System.Type,bool) (at Library/PackageCache/com.unity.probuilder@4.5.0/Editor/EditorCore/EditorUtility.cs:593)
UnityEditor.ProBuilder.HierarchyListener:.cctor () (at Library/PackageCache/com.unity.probuilder@4.5.0/Editor/EditorCore/HierarchyListener.cs:21)
System.Runtime.CompilerServices.RuntimeHelpers:RunClassConstructor (System.RuntimeTypeHandle)
UnityEditor.EditorAssemblies:ProcessInitializeOnLoadAttributes (System.Type[])

[Library/PackageCache/com.unity.probuilder@4.5.0/Editor/EditorCore/EditorUtility.cs line 593]

Invoked RoslynAnalysisRunner static constructor.
RoslynAnalysisRunner will not be running.
RoslynAnalysisRunner has terminated.
Mono: successfully reloaded assembly
- Completed reload, in  1.134 seconds
Platform modules already initialized, skipping
Refreshing native plugins compatible for Editor in 0.35 ms, found 0 plugins.
Preloading 0 native plugins for Editor in 0.00 ms.
Unloading 1607 Unused Serialized files (Serialized files now loaded: 0)
System memory in use before: 77.3 MB.
System memory in use after: 77.3 MB.

Unloading 9 unused Assets to reduce memory usage. Loaded Objects now: 2118.
Total: 2.381500 ms (FindLiveObjects: 0.199400 ms CreateObjectMapping: 0.067200 ms MarkObjects: 1.961400 ms  DeleteObjects: 0.152500 ms)

========================================================================
Received Prepare
Registering precompiled user dll's ...
Registered in 0.002034 seconds.
Begin MonoManager ReloadAssembly
Native extension for WindowsStandalone target not found
Refreshing native plugins compatible for Editor in 0.34 ms, found 0 plugins.
Preloading 0 native plugins for Editor in 0.00 ms.
Warning: Annotation not found!
UnityEngine.StackTraceUtility:ExtractStackTrace ()
UnityEditor.ProBuilder.EditorUtility:SetGizmoIconEnabled (System.Type,bool) (at Library/PackageCache/com.unity.probuilder@4.5.0/Editor/EditorCore/EditorUtility.cs:593)
UnityEditor.ProBuilder.HierarchyListener:.cctor () (at Library/PackageCache/com.unity.probuilder@4.5.0/Editor/EditorCore/HierarchyListener.cs:21)
System.Runtime.CompilerServices.RuntimeHelpers:RunClassConstructor (System.RuntimeTypeHandle)
UnityEditor.EditorAssemblies:ProcessInitializeOnLoadAttributes (System.Type[])

[Library/PackageCache/com.unity.probuilder@4.5.0/Editor/EditorCore/EditorUtility.cs line 593]

Invoked RoslynAnalysisRunner static constructor.
RoslynAnalysisRunner will not be running.
RoslynAnalysisRunner has terminated.
Mono: successfully reloaded assembly
- Completed reload, in  1.243 seconds
Platform modules already initialized, skipping
Refreshing native plugins compatible for Editor in 0.32 ms, found 0 plugins.
Preloading 0 native plugins for Editor in 0.00 ms.
Unloading 1607 Unused Serialized files (Serialized files now loaded: 0)
System memory in use before: 77.3 MB.
System memory in use after: 77.3 MB.

Unloading 8 unused Assets to reduce memory usage. Loaded Objects now: 2121.
Total: 2.679000 ms (FindLiveObjects: 0.186300 ms CreateObjectMapping: 0.066300 ms MarkObjects: 2.237800 ms  DeleteObjects: 0.186700 ms)

========================================================================
Received Prepare
Registering precompiled user dll's ...
Registered in 0.001694 seconds.
Begin MonoManager ReloadAssembly
Native extension for WindowsStandalone target not found
Refreshing native plugins compatible for Editor in 0.33 ms, found 0 plugins.
Preloading 0 native plugins for Editor in 0.00 ms.
Warning: Annotation not found!
UnityEngine.StackTraceUtility:ExtractStackTrace ()
UnityEditor.ProBuilder.EditorUtility:SetGizmoIconEnabled (System.Type,bool) (at Library/PackageCache/com.unity.probuilder@4.5.0/Editor/EditorCore/EditorUtility.cs:593)
UnityEditor.ProBuilder.HierarchyListener:.cctor () (at Library/PackageCache/com.unity.probuilder@4.5.0/Editor/EditorCore/HierarchyListener.cs:21)
System.Runtime.CompilerServices.RuntimeHelpers:RunClassConstructor (System.RuntimeTypeHandle)
UnityEditor.EditorAssemblies:ProcessInitializeOnLoadAttributes (System.Type[])

[Library/PackageCache/com.unity.probuilder@4.5.0/Editor/EditorCore/EditorUtility.cs line 593]

Invoked RoslynAnalysisRunner static constructor.
RoslynAnalysisRunner will not be running.
RoslynAnalysisRunner has terminated.
Mono: successfully reloaded assembly
- Completed reload, in  1.007 seconds
Platform modules already initialized, skipping
Refreshing native plugins compatible for Editor in 0.33 ms, found 0 plugins.
Preloading 0 native plugins for Editor in 0.00 ms.
Unloading 1607 Unused Serialized files (Serialized files now loaded: 0)
System memory in use before: 77.3 MB.
System memory in use after: 77.4 MB.

Unloading 8 unused Assets to reduce memory usage. Loaded Objects now: 2124.
Total: 2.042000 ms (FindLiveObjects: 0.176300 ms CreateObjectMapping: 0.063300 ms MarkObjects: 1.696700 ms  DeleteObjects: 0.104400 ms)

========================================================================
Received Prepare
Registering precompiled user dll's ...
Registered in 0.001744 seconds.
Begin MonoManager ReloadAssembly
Native extension for WindowsStandalone target not found
Refreshing native plugins compatible for Editor in 0.33 ms, found 0 plugins.
Preloading 0 native plugins for Editor in 0.00 ms.
Warning: Annotation not found!
UnityEngine.StackTraceUtility:ExtractStackTrace ()
UnityEditor.ProBuilder.EditorUtility:SetGizmoIconEnabled (System.Type,bool) (at Library/PackageCache/com.unity.probuilder@4.5.0/Editor/EditorCore/EditorUtility.cs:593)
UnityEditor.ProBuilder.HierarchyListener:.cctor () (at Library/PackageCache/com.unity.probuilder@4.5.0/Editor/EditorCore/HierarchyListener.cs:21)
System.Runtime.CompilerServices.RuntimeHelpers:RunClassConstructor (System.RuntimeTypeHandle)
UnityEditor.EditorAssemblies:ProcessInitializeOnLoadAttributes (System.Type[])

[Library/PackageCache/com.unity.probuilder@4.5.0/Editor/EditorCore/EditorUtility.cs line 593]

Invoked RoslynAnalysisRunner static constructor.
RoslynAnalysisRunner will not be running.
RoslynAnalysisRunner has terminated.
Mono: successfully reloaded assembly
- Completed reload, in  0.968 seconds
Platform modules already initialized, skipping
Refreshing native plugins compatible for Editor in 0.32 ms, found 0 plugins.
Preloading 0 native plugins for Editor in 0.00 ms.
Unloading 1607 Unused Serialized files (Serialized files now loaded: 0)
System memory in use before: 77.3 MB.
System memory in use after: 77.4 MB.

Unloading 8 unused Assets to reduce memory usage. Loaded Objects now: 2127.
Total: 5.362400 ms (FindLiveObjects: 1.300100 ms CreateObjectMapping: 1.153400 ms MarkObjects: 2.756200 ms  DeleteObjects: 0.150600 ms)

========================================================================
Received Prepare
Registering precompiled user dll's ...
Registered in 0.001863 seconds.
Begin MonoManager ReloadAssembly
Native extension for WindowsStandalone target not found
Refreshing native plugins compatible for Editor in 0.31 ms, found 0 plugins.
Preloading 0 native plugins for Editor in 0.00 ms.
Warning: Annotation not found!
UnityEngine.StackTraceUtility:ExtractStackTrace ()
UnityEditor.ProBuilder.EditorUtility:SetGizmoIconEnabled (System.Type,bool) (at Library/PackageCache/com.unity.probuilder@4.5.0/Editor/EditorCore/EditorUtility.cs:593)
UnityEditor.ProBuilder.HierarchyListener:.cctor () (at Library/PackageCache/com.unity.probuilder@4.5.0/Editor/EditorCore/HierarchyListener.cs:21)
System.Runtime.CompilerServices.RuntimeHelpers:RunClassConstructor (System.RuntimeTypeHandle)
UnityEditor.EditorAssemblies:ProcessInitializeOnLoadAttributes (System.Type[])

[Library/PackageCache/com.unity.probuilder@4.5.0/Editor/EditorCore/EditorUtility.cs line 593]

Invoked RoslynAnalysisRunner static constructor.
RoslynAnalysisRunner will not be running.
RoslynAnalysisRunner has terminated.
Mono: successfully reloaded assembly
- Completed reload, in  0.987 seconds
Platform modules already initialized, skipping
Refreshing native plugins compatible for Editor in 0.32 ms, found 0 plugins.
Preloading 0 native plugins for Editor in 0.00 ms.
Unloading 1607 Unused Serialized files (Serialized files now loaded: 0)
System memory in use before: 77.3 MB.
System memory in use after: 77.4 MB.

Unloading 8 unused Assets to reduce memory usage. Loaded Objects now: 2130.
Total: 2.736500 ms (FindLiveObjects: 0.291200 ms CreateObjectMapping: 0.076400 ms MarkObjects: 2.228700 ms  DeleteObjects: 0.138000 ms)

========================================================================
Received Import Request.
  Time since last request: 725.460465 seconds.
  path: Assets/Prefabs/Button.prefab
  artifactKey: Guid(c0eec675dde1f3840a6517d8fb8844eb) Importer(815301076,1909f56bfc062723c751e8b465ee728b)
Start importing Assets/Prefabs/Button.prefab using Guid(c0eec675dde1f3840a6517d8fb8844eb) Importer(815301076,1909f56bfc062723c751e8b465ee728b)  -> (artifact id: 'f0dc299e3d922fb5adb86c60e8c99846') in 0.042298 seconds
  Import took 0.046317 seconds .

========================================================================
Received Import Request.
  Time since last request: 2.442017 seconds.
  path: Assets/Prefabs/Button.prefab
  artifactKey: Guid(c0eec675dde1f3840a6517d8fb8844eb) Importer(815301076,1909f56bfc062723c751e8b465ee728b)
Start importing Assets/Prefabs/Button.prefab using Guid(c0eec675dde1f3840a6517d8fb8844eb) Importer(815301076,1909f56bfc062723c751e8b465ee728b)  -> (artifact id: '09dd74d423f96971898db8054f3360f4') in 0.012262 seconds
  Import took 0.037833 seconds .

========================================================================
Received Prepare
Registering precompiled user dll's ...
Registered in 0.001630 seconds.
Begin MonoManager ReloadAssembly
Native extension for WindowsStandalone target not found
Refreshing native plugins compatible for Editor in 0.31 ms, found 0 plugins.
Preloading 0 native plugins for Editor in 0.00 ms.
Warning: Annotation not found!
UnityEngine.StackTraceUtility:ExtractStackTrace ()
UnityEditor.ProBuilder.EditorUtility:SetGizmoIconEnabled (System.Type,bool) (at Library/PackageCache/com.unity.probuilder@4.5.0/Editor/EditorCore/EditorUtility.cs:593)
UnityEditor.ProBuilder.HierarchyListener:.cctor () (at Library/PackageCache/com.unity.probuilder@4.5.0/Editor/EditorCore/HierarchyListener.cs:21)
System.Runtime.CompilerServices.RuntimeHelpers:RunClassConstructor (System.RuntimeTypeHandle)
UnityEditor.EditorAssemblies:ProcessInitializeOnLoadAttributes (System.Type[])

[Library/PackageCache/com.unity.probuilder@4.5.0/Editor/EditorCore/EditorUtility.cs line 593]

Invoked RoslynAnalysisRunner static constructor.
RoslynAnalysisRunner will not be running.
RoslynAnalysisRunner has terminated.
Mono: successfully reloaded assembly
- Completed reload, in  0.958 seconds
Platform modules already initialized, skipping
Refreshing native plugins compatible for Editor in 0.33 ms, found 0 plugins.
Preloading 0 native plugins for Editor in 0.00 ms.
Unloading 1607 Unused Serialized files (Serialized files now loaded: 0)
System memory in use before: 77.3 MB.
System memory in use after: 77.4 MB.

Unloading 9 unused Assets to reduce memory usage. Loaded Objects now: 2133.
Total: 2.573300 ms (FindLiveObjects: 0.247000 ms CreateObjectMapping: 0.097700 ms MarkObjects: 2.091800 ms  DeleteObjects: 0.135100 ms)

========================================================================
Received Import Request.
  Time since last request: 146.839410 seconds.
  path: Assets/Prefabs/Button.prefab
  artifactKey: Guid(c0eec675dde1f3840a6517d8fb8844eb) Importer(815301076,1909f56bfc062723c751e8b465ee728b)
Start importing Assets/Prefabs/Button.prefab using Guid(c0eec675dde1f3840a6517d8fb8844eb) Importer(815301076,1909f56bfc062723c751e8b465ee728b)  -> (artifact id: '786640a105173068117cb51fcb327371') in 0.037876 seconds
  Import took 0.093903 seconds .

========================================================================
Received Prepare
Registering precompiled user dll's ...
Registered in 0.001640 seconds.
Begin MonoManager ReloadAssembly
Native extension for WindowsStandalone target not found
Refreshing native plugins compatible for Editor in 0.31 ms, found 0 plugins.
Preloading 0 native plugins for Editor in 0.00 ms.
Warning: Annotation not found!
UnityEngine.StackTraceUtility:ExtractStackTrace ()
UnityEditor.ProBuilder.EditorUtility:SetGizmoIconEnabled (System.Type,bool) (at Library/PackageCache/com.unity.probuilder@4.5.0/Editor/EditorCore/EditorUtility.cs:593)
UnityEditor.ProBuilder.HierarchyListener:.cctor () (at Library/PackageCache/com.unity.probuilder@4.5.0/Editor/EditorCore/HierarchyListener.cs:21)
System.Runtime.CompilerServices.RuntimeHelpers:RunClassConstructor (System.RuntimeTypeHandle)
UnityEditor.EditorAssemblies:ProcessInitializeOnLoadAttributes (System.Type[])

[Library/PackageCache/com.unity.probuilder@4.5.0/Editor/EditorCore/EditorUtility.cs line 593]

Invoked RoslynAnalysisRunner static constructor.
RoslynAnalysisRunner will not be running.
RoslynAnalysisRunner has terminated.
Mono: successfully reloaded assembly
- Completed reload, in  0.931 seconds
Platform modules already initialized, skipping
Refreshing native plugins compatible for Editor in 0.36 ms, found 0 plugins.
Preloading 0 native plugins for Editor in 0.00 ms.
Unloading 1607 Unused Serialized files (Serialized files now loaded: 0)
System memory in use before: 77.4 MB.
System memory in use after: 77.4 MB.

Unloading 9 unused Assets to reduce memory usage. Loaded Objects now: 2136.
Total: 2.843600 ms (FindLiveObjects: 0.470300 ms CreateObjectMapping: 0.278800 ms MarkObjects: 1.968000 ms  DeleteObjects: 0.125300 ms)

========================================================================
Received Prepare
Registering precompiled user dll's ...
Registered in 0.001705 seconds.
Begin MonoManager ReloadAssembly
Native extension for WindowsStandalone target not found
Refreshing native plugins compatible for Editor in 0.35 ms, found 0 plugins.
Preloading 0 native plugins for Editor in 0.00 ms.
Warning: Annotation not found!
UnityEngine.StackTraceUtility:ExtractStackTrace ()
UnityEditor.ProBuilder.EditorUtility:SetGizmoIconEnabled (System.Type,bool) (at Library/PackageCache/com.unity.probuilder@4.5.0/Editor/EditorCore/EditorUtility.cs:593)
UnityEditor.ProBuilder.HierarchyListener:.cctor () (at Library/PackageCache/com.unity.probuilder@4.5.0/Editor/EditorCore/HierarchyListener.cs:21)
System.Runtime.CompilerServices.RuntimeHelpers:RunClassConstructor (System.RuntimeTypeHandle)
UnityEditor.EditorAssemblies:ProcessInitializeOnLoadAttributes (System.Type[])

[Library/PackageCache/com.unity.probuilder@4.5.0/Editor/EditorCore/EditorUtility.cs line 593]

Invoked RoslynAnalysisRunner static constructor.
RoslynAnalysisRunner will not be running.
RoslynAnalysisRunner has terminated.
Mono: successfully reloaded assembly
- Completed reload, in  0.955 seconds
Platform modules already initialized, skipping
Refreshing native plugins compatible for Editor in 0.34 ms, found 0 plugins.
Preloading 0 native plugins for Editor in 0.00 ms.
Unloading 1607 Unused Serialized files (Serialized files now loaded: 0)
System memory in use before: 77.4 MB.
System memory in use after: 77.4 MB.

Unloading 8 unused Assets to reduce memory usage. Loaded Objects now: 2139.
Total: 2.400500 ms (FindLiveObjects: 0.217900 ms CreateObjectMapping: 0.080500 ms MarkObjects: 1.936600 ms  DeleteObjects: 0.163500 ms)

========================================================================
Received Import Request.
  Time since last request: 101.474281 seconds.
  path: Assets/Prefabs/Button.prefab
  artifactKey: Guid(c0eec675dde1f3840a6517d8fb8844eb) Importer(815301076,1909f56bfc062723c751e8b465ee728b)
Start importing Assets/Prefabs/Button.prefab using Guid(c0eec675dde1f3840a6517d8fb8844eb) Importer(815301076,1909f56bfc062723c751e8b465ee728b)  -> (artifact id: 'acc776a9f573102144d74c46dbeb9c5d') in 0.051064 seconds
  Import took 0.058059 seconds .

========================================================================
Received Import Request.
  Time since last request: 0.527766 seconds.
  path: Assets/Prefabs/Button.prefab
  artifactKey: Guid(c0eec675dde1f3840a6517d8fb8844eb) Importer(815301076,1909f56bfc062723c751e8b465ee728b)
Start importing Assets/Prefabs/Button.prefab using Guid(c0eec675dde1f3840a6517d8fb8844eb) Importer(815301076,1909f56bfc062723c751e8b465ee728b)  -> (artifact id: '20cccabf966a33044beb608efcb3a244') in 0.005050 seconds
  Import took 0.008262 seconds .

========================================================================
Received Import Request.
  Time since last request: 4.858229 seconds.
  path: Assets/Prefabs/Button.prefab
  artifactKey: Guid(c0eec675dde1f3840a6517d8fb8844eb) Importer(815301076,1909f56bfc062723c751e8b465ee728b)
Start importing Assets/Prefabs/Button.prefab using Guid(c0eec675dde1f3840a6517d8fb8844eb) Importer(815301076,1909f56bfc062723c751e8b465ee728b)  -> (artifact id: 'c0f3003a1ac86cca7fd3ff5893f08570') in 0.004685 seconds
  Import took 0.013850 seconds .

========================================================================
Received Import Request.
  Time since last request: 3.138136 seconds.
  path: Assets/Prefabs/Button.prefab
  artifactKey: Guid(c0eec675dde1f3840a6517d8fb8844eb) Importer(815301076,1909f56bfc062723c751e8b465ee728b)
Start importing Assets/Prefabs/Button.prefab using Guid(c0eec675dde1f3840a6517d8fb8844eb) Importer(815301076,1909f56bfc062723c751e8b465ee728b)  -> (artifact id: '231939f6694e31edeba15f32b6e5f0c4') in 0.015134 seconds
  Import took 0.021111 seconds .

========================================================================
Received Prepare
Registering precompiled user dll's ...
Registered in 0.001904 seconds.
Begin MonoManager ReloadAssembly
Native extension for WindowsStandalone target not found
Refreshing native plugins compatible for Editor in 0.41 ms, found 0 plugins.
Preloading 0 native plugins for Editor in 0.00 ms.
Warning: Annotation not found!
UnityEngine.StackTraceUtility:ExtractStackTrace ()
UnityEditor.ProBuilder.EditorUtility:SetGizmoIconEnabled (System.Type,bool) (at Library/PackageCache/com.unity.probuilder@4.5.0/Editor/EditorCore/EditorUtility.cs:593)
UnityEditor.ProBuilder.HierarchyListener:.cctor () (at Library/PackageCache/com.unity.probuilder@4.5.0/Editor/EditorCore/HierarchyListener.cs:21)
System.Runtime.CompilerServices.RuntimeHelpers:RunClassConstructor (System.RuntimeTypeHandle)
UnityEditor.EditorAssemblies:ProcessInitializeOnLoadAttributes (System.Type[])

[Library/PackageCache/com.unity.probuilder@4.5.0/Editor/EditorCore/EditorUtility.cs line 593]

Invoked RoslynAnalysisRunner static constructor.
RoslynAnalysisRunner will not be running.
RoslynAnalysisRunner has terminated.
Mono: successfully reloaded assembly
- Completed reload, in  1.034 seconds
Platform modules already initialized, skipping
Refreshing native plugins compatible for Editor in 0.35 ms, found 0 plugins.
Preloading 0 native plugins for Editor in 0.00 ms.
Unloading 1607 Unused Serialized files (Serialized files now loaded: 0)
System memory in use before: 77.4 MB.
System memory in use after: 77.4 MB.

Unloading 9 unused Assets to reduce memory usage. Loaded Objects now: 2142.
Total: 2.107100 ms (FindLiveObjects: 0.182200 ms CreateObjectMapping: 0.061700 ms MarkObjects: 1.745200 ms  DeleteObjects: 0.116400 ms)

========================================================================
Received Prepare
Registering precompiled user dll's ...
Registered in 0.001654 seconds.
Begin MonoManager ReloadAssembly
Native extension for WindowsStandalone target not found
Refreshing native plugins compatible for Editor in 0.31 ms, found 0 plugins.
Preloading 0 native plugins for Editor in 0.00 ms.
Warning: Annotation not found!
UnityEngine.StackTraceUtility:ExtractStackTrace ()
UnityEditor.ProBuilder.EditorUtility:SetGizmoIconEnabled (System.Type,bool) (at Library/PackageCache/com.unity.probuilder@4.5.0/Editor/EditorCore/EditorUtility.cs:593)
UnityEditor.ProBuilder.HierarchyListener:.cctor () (at Library/PackageCache/com.unity.probuilder@4.5.0/Editor/EditorCore/HierarchyListener.cs:21)
System.Runtime.CompilerServices.RuntimeHelpers:RunClassConstructor (System.RuntimeTypeHandle)
UnityEditor.EditorAssemblies:ProcessInitializeOnLoadAttributes (System.Type[])

[Library/PackageCache/com.unity.probuilder@4.5.0/Editor/EditorCore/EditorUtility.cs line 593]

Invoked RoslynAnalysisRunner static constructor.
RoslynAnalysisRunner will not be running.
RoslynAnalysisRunner has terminated.
Mono: successfully reloaded assembly
- Completed reload, in  0.964 seconds
Platform modules already initialized, skipping
Refreshing native plugins compatible for Editor in 0.35 ms, found 0 plugins.
Preloading 0 native plugins for Editor in 0.00 ms.
Unloading 1607 Unused Serialized files (Serialized files now loaded: 0)
System memory in use before: 77.4 MB.
System memory in use after: 77.4 MB.

Unloading 8 unused Assets to reduce memory usage. Loaded Objects now: 2145.
Total: 2.117800 ms (FindLiveObjects: 0.204400 ms CreateObjectMapping: 0.059400 ms MarkObjects: 1.745200 ms  DeleteObjects: 0.107400 ms)

========================================================================
Received Prepare
Registering precompiled user dll's ...
Registered in 0.001733 seconds.
Begin MonoManager ReloadAssembly
Native extension for WindowsStandalone target not found
Refreshing native plugins compatible for Editor in 0.40 ms, found 0 plugins.
Preloading 0 native plugins for Editor in 0.00 ms.
Warning: Annotation not found!
UnityEngine.StackTraceUtility:ExtractStackTrace ()
UnityEditor.ProBuilder.EditorUtility:SetGizmoIconEnabled (System.Type,bool) (at Library/PackageCache/com.unity.probuilder@4.5.0/Editor/EditorCore/EditorUtility.cs:593)
UnityEditor.ProBuilder.HierarchyListener:.cctor () (at Library/PackageCache/com.unity.probuilder@4.5.0/Editor/EditorCore/HierarchyListener.cs:21)
System.Runtime.CompilerServices.RuntimeHelpers:RunClassConstructor (System.RuntimeTypeHandle)
UnityEditor.EditorAssemblies:ProcessInitializeOnLoadAttributes (System.Type[])

[Library/PackageCache/com.unity.probuilder@4.5.0/Editor/EditorCore/EditorUtility.cs line 593]

Invoked RoslynAnalysisRunner static constructor.
RoslynAnalysisRunner will not be running.
RoslynAnalysisRunner has terminated.
Mono: successfully reloaded assembly
- Completed reload, in  0.952 seconds
Platform modules already initialized, skipping
Refreshing native plugins compatible for Editor in 0.35 ms, found 0 plugins.
Preloading 0 native plugins for Editor in 0.00 ms.
Unloading 1607 Unused Serialized files (Serialized files now loaded: 0)
System memory in use before: 77.4 MB.
System memory in use after: 77.4 MB.

Unloading 8 unused Assets to reduce memory usage. Loaded Objects now: 2148.
Total: 2.359800 ms (FindLiveObjects: 0.191900 ms CreateObjectMapping: 0.065800 ms MarkObjects: 1.985800 ms  DeleteObjects: 0.115000 ms)

========================================================================
Received Import Request.
  Time since last request: 468.274684 seconds.
  path: Assets/Prefabs/Button.prefab
  artifactKey: Guid(c0eec675dde1f3840a6517d8fb8844eb) Importer(815301076,1909f56bfc062723c751e8b465ee728b)
Start importing Assets/Prefabs/Button.prefab using Guid(c0eec675dde1f3840a6517d8fb8844eb) Importer(815301076,1909f56bfc062723c751e8b465ee728b)  -> (artifact id: '5ea1bb173f10e9520608836b4a7f214b') in 0.045439 seconds
  Import took 0.066147 seconds .

========================================================================
Received Prepare
Registering precompiled user dll's ...
Registered in 0.002491 seconds.
Begin MonoManager ReloadAssembly
Native extension for WindowsStandalone target not found
Refreshing native plugins compatible for Editor in 0.32 ms, found 0 plugins.
Preloading 0 native plugins for Editor in 0.00 ms.
Warning: Annotation not found!
UnityEngine.StackTraceUtility:ExtractStackTrace ()
UnityEditor.ProBuilder.EditorUtility:SetGizmoIconEnabled (System.Type,bool) (at Library/PackageCache/com.unity.probuilder@4.5.0/Editor/EditorCore/EditorUtility.cs:593)
UnityEditor.ProBuilder.HierarchyListener:.cctor () (at Library/PackageCache/com.unity.probuilder@4.5.0/Editor/EditorCore/HierarchyListener.cs:21)
System.Runtime.CompilerServices.RuntimeHelpers:RunClassConstructor (System.RuntimeTypeHandle)
UnityEditor.EditorAssemblies:ProcessInitializeOnLoadAttributes (System.Type[])

[Library/PackageCache/com.unity.probuilder@4.5.0/Editor/EditorCore/EditorUtility.cs line 593]

Invoked RoslynAnalysisRunner static constructor.
RoslynAnalysisRunner will not be running.
RoslynAnalysisRunner has terminated.
Mono: successfully reloaded assembly
- Completed reload, in  0.934 seconds
Platform modules already initialized, skipping
Refreshing native plugins compatible for Editor in 0.35 ms, found 0 plugins.
Preloading 0 native plugins for Editor in 0.00 ms.
Unloading 1607 Unused Serialized files (Serialized files now loaded: 0)
System memory in use before: 77.4 MB.
System memory in use after: 77.4 MB.

Unloading 9 unused Assets to reduce memory usage. Loaded Objects now: 2151.
Total: 2.199500 ms (FindLiveObjects: 0.205600 ms CreateObjectMapping: 0.070800 ms MarkObjects: 1.808700 ms  DeleteObjects: 0.113200 ms)

========================================================================
Received Prepare
Registering precompiled user dll's ...
Registered in 0.001895 seconds.
Begin MonoManager ReloadAssembly
Native extension for WindowsStandalone target not found
Refreshing native plugins compatible for Editor in 0.31 ms, found 0 plugins.
Preloading 0 native plugins for Editor in 0.00 ms.
Warning: Annotation not found!
UnityEngine.StackTraceUtility:ExtractStackTrace ()
UnityEditor.ProBuilder.EditorUtility:SetGizmoIconEnabled (System.Type,bool) (at Library/PackageCache/com.unity.probuilder@4.5.0/Editor/EditorCore/EditorUtility.cs:593)
UnityEditor.ProBuilder.HierarchyListener:.cctor () (at Library/PackageCache/com.unity.probuilder@4.5.0/Editor/EditorCore/HierarchyListener.cs:21)
System.Runtime.CompilerServices.RuntimeHelpers:RunClassConstructor (System.RuntimeTypeHandle)
UnityEditor.EditorAssemblies:ProcessInitializeOnLoadAttributes (System.Type[])

[Library/PackageCache/com.unity.probuilder@4.5.0/Editor/EditorCore/EditorUtility.cs line 593]

Invoked RoslynAnalysisRunner static constructor.
RoslynAnalysisRunner will not be running.
RoslynAnalysisRunner has terminated.
Mono: successfully reloaded assembly
- Completed reload, in  0.953 seconds
Platform modules already initialized, skipping
Refreshing native plugins compatible for Editor in 0.36 ms, found 0 plugins.
Preloading 0 native plugins for Editor in 0.00 ms.
Unloading 1607 Unused Serialized files (Serialized files now loaded: 0)
System memory in use before: 77.4 MB.
System memory in use after: 77.4 MB.

Unloading 8 unused Assets to reduce memory usage. Loaded Objects now: 2154.
Total: 2.286900 ms (FindLiveObjects: 0.231700 ms CreateObjectMapping: 0.076500 ms MarkObjects: 1.835900 ms  DeleteObjects: 0.141300 ms)

========================================================================
Received Import Request.
  Time since last request: 1112.310885 seconds.
  path: Assets/Prefabs/Button.prefab
  artifactKey: Guid(c0eec675dde1f3840a6517d8fb8844eb) Importer(815301076,1909f56bfc062723c751e8b465ee728b)
Start importing Assets/Prefabs/Button.prefab using Guid(c0eec675dde1f3840a6517d8fb8844eb) Importer(815301076,1909f56bfc062723c751e8b465ee728b)  -> (artifact id: '957d9d585e46c04389b9c4e88e90fc53') in 0.045079 seconds
  Import took 0.048175 seconds .

========================================================================
Received Prepare
Registering precompiled user dll's ...
Registered in 0.001978 seconds.
Begin MonoManager ReloadAssembly
Native extension for WindowsStandalone target not found
Refreshing native plugins compatible for Editor in 0.32 ms, found 0 plugins.
Preloading 0 native plugins for Editor in 0.00 ms.
Warning: Annotation not found!
UnityEngine.StackTraceUtility:ExtractStackTrace ()
UnityEditor.ProBuilder.EditorUtility:SetGizmoIconEnabled (System.Type,bool) (at Library/PackageCache/com.unity.probuilder@4.5.0/Editor/EditorCore/EditorUtility.cs:593)
UnityEditor.ProBuilder.HierarchyListener:.cctor () (at Library/PackageCache/com.unity.probuilder@4.5.0/Editor/EditorCore/HierarchyListener.cs:21)
System.Runtime.CompilerServices.RuntimeHelpers:RunClassConstructor (System.RuntimeTypeHandle)
UnityEditor.EditorAssemblies:ProcessInitializeOnLoadAttributes (System.Type[])

[Library/PackageCache/com.unity.probuilder@4.5.0/Editor/EditorCore/EditorUtility.cs line 593]

Invoked RoslynAnalysisRunner static constructor.
RoslynAnalysisRunner will not be running.
RoslynAnalysisRunner has terminated.
Mono: successfully reloaded assembly
- Completed reload, in  0.930 seconds
Platform modules already initialized, skipping
Refreshing native plugins compatible for Editor in 0.36 ms, found 0 plugins.
Preloading 0 native plugins for Editor in 0.00 ms.
Unloading 1607 Unused Serialized files (Serialized files now loaded: 0)
System memory in use before: 77.4 MB.
System memory in use after: 77.4 MB.

Unloading 9 unused Assets to reduce memory usage. Loaded Objects now: 2157.
Total: 2.437800 ms (FindLiveObjects: 0.237200 ms CreateObjectMapping: 0.100100 ms MarkObjects: 1.981700 ms  DeleteObjects: 0.116300 ms)

========================================================================
Received Prepare
Registering precompiled user dll's ...
Registered in 0.001796 seconds.
Begin MonoManager ReloadAssembly
Native extension for WindowsStandalone target not found
Refreshing native plugins compatible for Editor in 0.31 ms, found 0 plugins.
Preloading 0 native plugins for Editor in 0.00 ms.
Warning: Annotation not found!
UnityEngine.StackTraceUtility:ExtractStackTrace ()
UnityEditor.ProBuilder.EditorUtility:SetGizmoIconEnabled (System.Type,bool) (at Library/PackageCache/com.unity.probuilder@4.5.0/Editor/EditorCore/EditorUtility.cs:593)
UnityEditor.ProBuilder.HierarchyListener:.cctor () (at Library/PackageCache/com.unity.probuilder@4.5.0/Editor/EditorCore/HierarchyListener.cs:21)
System.Runtime.CompilerServices.RuntimeHelpers:RunClassConstructor (System.RuntimeTypeHandle)
UnityEditor.EditorAssemblies:ProcessInitializeOnLoadAttributes (System.Type[])

[Library/PackageCache/com.unity.probuilder@4.5.0/Editor/EditorCore/EditorUtility.cs line 593]

Invoked RoslynAnalysisRunner static constructor.
RoslynAnalysisRunner will not be running.
RoslynAnalysisRunner has terminated.
Mono: successfully reloaded assembly
- Completed reload, in  0.906 seconds
Platform modules already initialized, skipping
Refreshing native plugins compatible for Editor in 0.31 ms, found 0 plugins.
Preloading 0 native plugins for Editor in 0.00 ms.
Unloading 1607 Unused Serialized files (Serialized files now loaded: 0)
System memory in use before: 77.4 MB.
System memory in use after: 77.4 MB.

Unloading 8 unused Assets to reduce memory usage. Loaded Objects now: 2160.
Total: 2.283900 ms (FindLiveObjects: 0.243200 ms CreateObjectMapping: 0.089200 ms MarkObjects: 1.806700 ms  DeleteObjects: 0.142200 ms)

========================================================================
Received Prepare
Registering precompiled user dll's ...
Registered in 0.001666 seconds.
Begin MonoManager ReloadAssembly
Native extension for WindowsStandalone target not found
Refreshing native plugins compatible for Editor in 0.31 ms, found 0 plugins.
Preloading 0 native plugins for Editor in 0.00 ms.
Warning: Annotation not found!
UnityEngine.StackTraceUtility:ExtractStackTrace ()
UnityEditor.ProBuilder.EditorUtility:SetGizmoIconEnabled (System.Type,bool) (at Library/PackageCache/com.unity.probuilder@4.5.0/Editor/EditorCore/EditorUtility.cs:593)
UnityEditor.ProBuilder.HierarchyListener:.cctor () (at Library/PackageCache/com.unity.probuilder@4.5.0/Editor/EditorCore/HierarchyListener.cs:21)
System.Runtime.CompilerServices.RuntimeHelpers:RunClassConstructor (System.RuntimeTypeHandle)
UnityEditor.EditorAssemblies:ProcessInitializeOnLoadAttributes (System.Type[])

[Library/PackageCache/com.unity.probuilder@4.5.0/Editor/EditorCore/EditorUtility.cs line 593]

Invoked RoslynAnalysisRunner static constructor.
RoslynAnalysisRunner will not be running.
RoslynAnalysisRunner has terminated.
Mono: successfully reloaded assembly
- Completed reload, in  0.940 seconds
Platform modules already initialized, skipping
Refreshing native plugins compatible for Editor in 0.34 ms, found 0 plugins.
Preloading 0 native plugins for Editor in 0.00 ms.
Unloading 1607 Unused Serialized files (Serialized files now loaded: 0)
System memory in use before: 77.4 MB.
System memory in use after: 77.4 MB.

Unloading 8 unused Assets to reduce memory usage. Loaded Objects now: 2163.
Total: 2.261900 ms (FindLiveObjects: 0.209700 ms CreateObjectMapping: 0.098100 ms MarkObjects: 1.848800 ms  DeleteObjects: 0.103700 ms)

========================================================================
Received Prepare
Registering precompiled user dll's ...
Registered in 0.001677 seconds.
Begin MonoManager ReloadAssembly
Native extension for WindowsStandalone target not found
Refreshing native plugins compatible for Editor in 0.32 ms, found 0 plugins.
Preloading 0 native plugins for Editor in 0.00 ms.
Warning: Annotation not found!
UnityEngine.StackTraceUtility:ExtractStackTrace ()
UnityEditor.ProBuilder.EditorUtility:SetGizmoIconEnabled (System.Type,bool) (at Library/PackageCache/com.unity.probuilder@4.5.0/Editor/EditorCore/EditorUtility.cs:593)
UnityEditor.ProBuilder.HierarchyListener:.cctor () (at Library/PackageCache/com.unity.probuilder@4.5.0/Editor/EditorCore/HierarchyListener.cs:21)
System.Runtime.CompilerServices.RuntimeHelpers:RunClassConstructor (System.RuntimeTypeHandle)
UnityEditor.EditorAssemblies:ProcessInitializeOnLoadAttributes (System.Type[])

[Library/PackageCache/com.unity.probuilder@4.5.0/Editor/EditorCore/EditorUtility.cs line 593]

Invoked RoslynAnalysisRunner static constructor.
RoslynAnalysisRunner will not be running.
RoslynAnalysisRunner has terminated.
Mono: successfully reloaded assembly
- Completed reload, in  0.896 seconds
Platform modules already initialized, skipping
Refreshing native plugins compatible for Editor in 0.33 ms, found 0 plugins.
Preloading 0 native plugins for Editor in 0.00 ms.
Unloading 1607 Unused Serialized files (Serialized files now loaded: 0)
System memory in use before: 77.4 MB.
System memory in use after: 77.4 MB.

Unloading 8 unused Assets to reduce memory usage. Loaded Objects now: 2166.
Total: 2.401800 ms (FindLiveObjects: 0.218500 ms CreateObjectMapping: 0.079100 ms MarkObjects: 1.957400 ms  DeleteObjects: 0.145200 ms)

========================================================================
Received Import Request.
  Time since last request: 451.831838 seconds.
  path: Assets/Prefabs/Button.prefab
  artifactKey: Guid(c0eec675dde1f3840a6517d8fb8844eb) Importer(815301076,1909f56bfc062723c751e8b465ee728b)
Start importing Assets/Prefabs/Button.prefab using Guid(c0eec675dde1f3840a6517d8fb8844eb) Importer(815301076,1909f56bfc062723c751e8b465ee728b)  -> (artifact id: 'f6487df98eb0cddaf2f5b16d19b6d17e') in 0.033724 seconds
  Import took 0.036575 seconds .

========================================================================
Received Prepare
Registering precompiled user dll's ...
Registered in 0.001645 seconds.
Begin MonoManager ReloadAssembly
Native extension for WindowsStandalone target not found
Refreshing native plugins compatible for Editor in 0.40 ms, found 0 plugins.
Preloading 0 native plugins for Editor in 0.00 ms.
Warning: Annotation not found!
UnityEngine.StackTraceUtility:ExtractStackTrace ()
UnityEditor.ProBuilder.EditorUtility:SetGizmoIconEnabled (System.Type,bool) (at Library/PackageCache/com.unity.probuilder@4.5.0/Editor/EditorCore/EditorUtility.cs:593)
UnityEditor.ProBuilder.HierarchyListener:.cctor () (at Library/PackageCache/com.unity.probuilder@4.5.0/Editor/EditorCore/HierarchyListener.cs:21)
System.Runtime.CompilerServices.RuntimeHelpers:RunClassConstructor (System.RuntimeTypeHandle)
UnityEditor.EditorAssemblies:ProcessInitializeOnLoadAttributes (System.Type[])

[Library/PackageCache/com.unity.probuilder@4.5.0/Editor/EditorCore/EditorUtility.cs line 593]

Invoked RoslynAnalysisRunner static constructor.
RoslynAnalysisRunner will not be running.
RoslynAnalysisRunner has terminated.
Mono: successfully reloaded assembly
- Completed reload, in  0.964 seconds
Platform modules already initialized, skipping
Refreshing native plugins compatible for Editor in 0.33 ms, found 0 plugins.
Preloading 0 native plugins for Editor in 0.00 ms.
Unloading 1607 Unused Serialized files (Serialized files now loaded: 0)
System memory in use before: 77.4 MB.
System memory in use after: 77.4 MB.

Unloading 9 unused Assets to reduce memory usage. Loaded Objects now: 2169.
Total: 2.332500 ms (FindLiveObjects: 0.188200 ms CreateObjectMapping: 0.058800 ms MarkObjects: 1.912100 ms  DeleteObjects: 0.172100 ms)

========================================================================
Received Prepare
Registering precompiled user dll's ...
Registered in 0.001864 seconds.
Begin MonoManager ReloadAssembly
Native extension for WindowsStandalone target not found
Refreshing native plugins compatible for Editor in 0.39 ms, found 0 plugins.
Preloading 0 native plugins for Editor in 0.00 ms.
Warning: Annotation not found!
UnityEngine.StackTraceUtility:ExtractStackTrace ()
UnityEditor.ProBuilder.EditorUtility:SetGizmoIconEnabled (System.Type,bool) (at Library/PackageCache/com.unity.probuilder@4.5.0/Editor/EditorCore/EditorUtility.cs:593)
UnityEditor.ProBuilder.HierarchyListener:.cctor () (at Library/PackageCache/com.unity.probuilder@4.5.0/Editor/EditorCore/HierarchyListener.cs:21)
System.Runtime.CompilerServices.RuntimeHelpers:RunClassConstructor (System.RuntimeTypeHandle)
UnityEditor.EditorAssemblies:ProcessInitializeOnLoadAttributes (System.Type[])

[Library/PackageCache/com.unity.probuilder@4.5.0/Editor/EditorCore/EditorUtility.cs line 593]

Invoked RoslynAnalysisRunner static constructor.
RoslynAnalysisRunner will not be running.
RoslynAnalysisRunner has terminated.
Mono: successfully reloaded assembly
- Completed reload, in  0.928 seconds
Platform modules already initialized, skipping
Refreshing native plugins compatible for Editor in 0.35 ms, found 0 plugins.
Preloading 0 native plugins for Editor in 0.00 ms.
Unloading 1607 Unused Serialized files (Serialized files now loaded: 0)
System memory in use before: 77.4 MB.
System memory in use after: 77.5 MB.

Unloading 8 unused Assets to reduce memory usage. Loaded Objects now: 2172.
Total: 2.401800 ms (FindLiveObjects: 0.198700 ms CreateObjectMapping: 0.066200 ms MarkObjects: 2.001800 ms  DeleteObjects: 0.134000 ms)

========================================================================
Received Prepare
Registering precompiled user dll's ...
Registered in 0.001679 seconds.
Begin MonoManager ReloadAssembly
Native extension for WindowsStandalone target not found
Refreshing native plugins compatible for Editor in 0.32 ms, found 0 plugins.
Preloading 0 native plugins for Editor in 0.00 ms.
Warning: Annotation not found!
UnityEngine.StackTraceUtility:ExtractStackTrace ()
UnityEditor.ProBuilder.EditorUtility:SetGizmoIconEnabled (System.Type,bool) (at Library/PackageCache/com.unity.probuilder@4.5.0/Editor/EditorCore/EditorUtility.cs:593)
UnityEditor.ProBuilder.HierarchyListener:.cctor () (at Library/PackageCache/com.unity.probuilder@4.5.0/Editor/EditorCore/HierarchyListener.cs:21)
System.Runtime.CompilerServices.RuntimeHelpers:RunClassConstructor (System.RuntimeTypeHandle)
UnityEditor.EditorAssemblies:ProcessInitializeOnLoadAttributes (System.Type[])

[Library/PackageCache/com.unity.probuilder@4.5.0/Editor/EditorCore/EditorUtility.cs line 593]

Invoked RoslynAnalysisRunner static constructor.
RoslynAnalysisRunner will not be running.
RoslynAnalysisRunner has terminated.
Mono: successfully reloaded assembly
- Completed reload, in  1.178 seconds
Platform modules already initialized, skipping
Refreshing native plugins compatible for Editor in 0.45 ms, found 0 plugins.
Preloading 0 native plugins for Editor in 0.00 ms.
Unloading 1607 Unused Serialized files (Serialized files now loaded: 0)
System memory in use before: 77.5 MB.
System memory in use after: 77.5 MB.

Unloading 8 unused Assets to reduce memory usage. Loaded Objects now: 2175.
Total: 3.631600 ms (FindLiveObjects: 0.287600 ms CreateObjectMapping: 0.136000 ms MarkObjects: 3.044600 ms  DeleteObjects: 0.161400 ms)

========================================================================
Received Import Request.
  Time since last request: 315.589930 seconds.
  path: Assets/Prefabs/Button.prefab
  artifactKey: Guid(c0eec675dde1f3840a6517d8fb8844eb) Importer(815301076,1909f56bfc062723c751e8b465ee728b)
Start importing Assets/Prefabs/Button.prefab using Guid(c0eec675dde1f3840a6517d8fb8844eb) Importer(815301076,1909f56bfc062723c751e8b465ee728b)  -> (artifact id: '09f2a942b3290d1ac8e95ffc85f295cd') in 0.044558 seconds
  Import took 0.069099 seconds .

========================================================================
Received Prepare
Registering precompiled user dll's ...
Registered in 0.001887 seconds.
Begin MonoManager ReloadAssembly
Native extension for WindowsStandalone target not found
Refreshing native plugins compatible for Editor in 0.31 ms, found 0 plugins.
Preloading 0 native plugins for Editor in 0.00 ms.
Warning: Annotation not found!
UnityEngine.StackTraceUtility:ExtractStackTrace ()
UnityEditor.ProBuilder.EditorUtility:SetGizmoIconEnabled (System.Type,bool) (at Library/PackageCache/com.unity.probuilder@4.5.0/Editor/EditorCore/EditorUtility.cs:593)
UnityEditor.ProBuilder.HierarchyListener:.cctor () (at Library/PackageCache/com.unity.probuilder@4.5.0/Editor/EditorCore/HierarchyListener.cs:21)
System.Runtime.CompilerServices.RuntimeHelpers:RunClassConstructor (System.RuntimeTypeHandle)
UnityEditor.EditorAssemblies:ProcessInitializeOnLoadAttributes (System.Type[])

[Library/PackageCache/com.unity.probuilder@4.5.0/Editor/EditorCore/EditorUtility.cs line 593]

Invoked RoslynAnalysisRunner static constructor.
RoslynAnalysisRunner will not be running.
RoslynAnalysisRunner has terminated.
Mono: successfully reloaded assembly
- Completed reload, in  0.947 seconds
Platform modules already initialized, skipping
Refreshing native plugins compatible for Editor in 0.34 ms, found 0 plugins.
Preloading 0 native plugins for Editor in 0.00 ms.
Unloading 1607 Unused Serialized files (Serialized files now loaded: 0)
System memory in use before: 77.5 MB.
System memory in use after: 77.5 MB.

Unloading 9 unused Assets to reduce memory usage. Loaded Objects now: 2178.
Total: 2.596800 ms (FindLiveObjects: 0.218000 ms CreateObjectMapping: 0.082200 ms MarkObjects: 2.175200 ms  DeleteObjects: 0.120000 ms)

========================================================================
Received Prepare
Registering precompiled user dll's ...
Registered in 0.001672 seconds.
Begin MonoManager ReloadAssembly
Native extension for WindowsStandalone target not found
Refreshing native plugins compatible for Editor in 0.33 ms, found 0 plugins.
Preloading 0 native plugins for Editor in 0.00 ms.
Warning: Annotation not found!
UnityEngine.StackTraceUtility:ExtractStackTrace ()
UnityEditor.ProBuilder.EditorUtility:SetGizmoIconEnabled (System.Type,bool) (at Library/PackageCache/com.unity.probuilder@4.5.0/Editor/EditorCore/EditorUtility.cs:593)
UnityEditor.ProBuilder.HierarchyListener:.cctor () (at Library/PackageCache/com.unity.probuilder@4.5.0/Editor/EditorCore/HierarchyListener.cs:21)
System.Runtime.CompilerServices.RuntimeHelpers:RunClassConstructor (System.RuntimeTypeHandle)
UnityEditor.EditorAssemblies:ProcessInitializeOnLoadAttributes (System.Type[])

[Library/PackageCache/com.unity.probuilder@4.5.0/Editor/EditorCore/EditorUtility.cs line 593]

Invoked RoslynAnalysisRunner static constructor.
RoslynAnalysisRunner will not be running.
RoslynAnalysisRunner has terminated.
Mono: successfully reloaded assembly
- Completed reload, in  0.945 seconds
Platform modules already initialized, skipping
Refreshing native plugins compatible for Editor in 0.35 ms, found 0 plugins.
Preloading 0 native plugins for Editor in 0.00 ms.
Unloading 1607 Unused Serialized files (Serialized files now loaded: 0)
System memory in use before: 77.5 MB.
System memory in use after: 77.5 MB.

Unloading 8 unused Assets to reduce memory usage. Loaded Objects now: 2181.
Total: 2.504800 ms (FindLiveObjects: 0.203900 ms CreateObjectMapping: 0.070400 ms MarkObjects: 2.108300 ms  DeleteObjects: 0.120800 ms)

AssetImportWorkerClient::OnTransportError - code=2 error=End of file
